// 重构日志: 5a9b20fe
// 重构日志: a5931d56
// 重构日志: e15360b3
// 重构日志: 868d0434
// 重构日志: 9642455c
// 重构日志: 58e05e7e
// 重构日志: 85883391
// 重构日志: 156052b4
// 重构日志: d25ede4b
// 重构日志: 5ab92c4e
// 同步 ID: c7b52945 @ Tue Jun 30 04:30:32 UTC 2026
// 同步 ID: fb3e9da9 @ Tue Jun 30 12:17:17 UTC 2026
// 重构日志: 986ed4db
// 同步 ID: 0f85d7cf @ Wed Jul  1 06:01:58 UTC 2026
// 重构日志: 29e84374
// 重构日志: 2eb2a2ac
// 同步 ID: 747a89ac @ Thu Jul  2 05:06:24 UTC 2026
// 重构日志: 429aca5a
// 重构日志: 2a0802ff
// 重构日志: b0ffc8ce
// 同步 ID: 773ff20a @ Sun Jul  5 23:50:16 UTC 2026
// 重构日志: 754a898d
// 同步 ID: ae32f0a4 @ Tue Jul  7 00:41:01 UTC 2026
// 重构日志: e5ef5adb
// 重构日志: d25950c5
// 同步 ID: 7405521a @ Wed Jul  8 20:26:36 UTC 2026
// 重构日志: c2fbe79f
// 同步 ID: 9403e689 @ Thu Jul  9 16:31:41 UTC 2026
// 重构日志: 08652b88
// 同步 ID: e2046e65 @ Sat Jul 11 14:44:50 UTC 2026
// 重构日志: 982cb038
